This is pdfTeX, Version 3.14159265-2.6-1.40.21 (TeX Live 2020) (preloaded format=pdflatex 2020.10.16)  23 MAR 2021 07:11
entering extended mode
 restricted \write18 enabled.
 file:line:error style messages enabled.
 %&-line parsing enabled.
**/home/pasan/kalani/tex/mid-report/thesis.tex
(/home/pasan/kalani/tex/mid-report/thesis.tex
LaTeX2e <2020-02-02> patch level 5
L3 programming layer <2020-03-06> (/usr/local/texlive/2020/texmf-dist/tex/latex/base/report.cls
Document Class: report 2019/12/20 v1.4l Standard LaTeX document class
(/usr/local/texlive/2020/texmf-dist/tex/latex/base/size12.clo
File: size12.clo 2019/12/20 v1.4l Standard LaTeX file (size option)
)
\c@part=\count167
\c@chapter=\count168
\c@section=\count169
\c@subsection=\count170
\c@subsubsection=\count171
\c@paragraph=\count172
\c@subparagraph=\count173
\c@figure=\count174
\c@table=\count175
\abovecaptionskip=\skip47
\belowcaptionskip=\skip48
\bibindent=\dimen134
) (/usr/local/texlive/2020/texmf-dist/tex/latex/geometry/geometry.sty
Package: geometry 2020/01/02 v5.9 Page Geometry
 (/usr/local/texlive/2020/texmf-dist/tex/latex/graphics/keyval.sty
Package: keyval 2014/10/28 v1.15 key=value parser (DPC)
\KV@toks@=\toks15
) (/usr/local/texlive/2020/texmf-dist/tex/generic/iftex/ifvtex.sty
Package: ifvtex 2019/10/25 v1.7 ifvtex legacy package. Use iftex instead.
 (/usr/local/texlive/2020/texmf-dist/tex/generic/iftex/iftex.sty
Package: iftex 2020/03/06 v1.0d TeX engine tests
))
\Gm@cnth=\count176
\Gm@cntv=\count177
\c@Gm@tempcnt=\count178
\Gm@bindingoffset=\dimen135
\Gm@wd@mp=\dimen136
\Gm@odd@mp=\dimen137
\Gm@even@mp=\dimen138
\Gm@layoutwidth=\dimen139
\Gm@layoutheight=\dimen140
\Gm@layouthoffset=\dimen141
\Gm@layoutvoffset=\dimen142
\Gm@dimlist=\toks16
) (/usr/local/texlive/2020/texmf-dist/tex/latex/graphics/graphicx.sty
Package: graphicx 2019/11/30 v1.2a Enhanced LaTeX Graphics (DPC,SPQR)
 (/usr/local/texlive/2020/texmf-dist/tex/latex/graphics/graphics.sty
Package: graphics 2019/11/30 v1.4a Standard LaTeX Graphics (DPC,SPQR)
 (/usr/local/texlive/2020/texmf-dist/tex/latex/graphics/trig.sty
Package: trig 2016/01/03 v1.10 sin cos tan (DPC)
) (/usr/local/texlive/2020/texmf-dist/tex/latex/graphics-cfg/graphics.cfg
File: graphics.cfg 2016/06/04 v1.11 sample graphics configuration
)
Package graphics Info: Driver file: pdftex.def on input line 105.
 (/usr/local/texlive/2020/texmf-dist/tex/latex/graphics-def/pdftex.def
File: pdftex.def 2018/01/08 v1.0l Graphics/color driver for pdftex
))
\Gin@req@height=\dimen143
\Gin@req@width=\dimen144
) (/usr/local/texlive/2020/texmf-dist/tex/latex/setspace/setspace.sty
Package: setspace 2011/12/19 v6.7a set line spacing
) (/usr/local/texlive/2020/texmf-dist/tex/latex/titlesec/titlesec.sty
Package: titlesec 2019/10/16 v2.13 Sectioning titles
\ttl@box=\box45
\beforetitleunit=\skip49
\aftertitleunit=\skip50
\ttl@plus=\dimen145
\ttl@minus=\dimen146
\ttl@toksa=\toks17
\titlewidth=\dimen147
\titlewidthlast=\dimen148
\titlewidthfirst=\dimen149
) (/usr/local/texlive/2020/texmf-dist/tex/latex/tools/enumerate.sty
Package: enumerate 2015/07/23 v3.00 enumerate extensions (DPC)
\@enLab=\toks18
) (/usr/local/texlive/2020/texmf-dist/tex/latex/enumitem/enumitem.sty
Package: enumitem 2019/06/20 v3.9 Customized lists
\labelindent=\skip51
\enit@outerparindent=\dimen150
\enit@toks=\toks19
\enit@inbox=\box46
\enit@count@id=\count179
\enitdp@description=\count180
) (/usr/local/texlive/2020/texmf-dist/tex/latex/amsmath/amsmath.sty
Package: amsmath 2020/01/20 v2.17e AMS math features
\@mathmargin=\skip52

For additional information on amsmath, use the `?' option.
(/usr/local/texlive/2020/texmf-dist/tex/latex/amsmath/amstext.sty
Package: amstext 2000/06/29 v2.01 AMS text
 (/usr/local/texlive/2020/texmf-dist/tex/latex/amsmath/amsgen.sty
File: amsgen.sty 1999/11/30 v2.0 generic functions
\@emptytoks=\toks20
\ex@=\dimen151
)) (/usr/local/texlive/2020/texmf-dist/tex/latex/amsmath/amsbsy.sty
Package: amsbsy 1999/11/29 v1.2d Bold Symbols
\pmbraise@=\dimen152
) (/usr/local/texlive/2020/texmf-dist/tex/latex/amsmath/amsopn.sty
Package: amsopn 2016/03/08 v2.02 operator names
)
\inf@bad=\count181
LaTeX Info: Redefining \frac on input line 227.
\uproot@=\count182
\leftroot@=\count183
LaTeX Info: Redefining \overline on input line 389.
\classnum@=\count184
\DOTSCASE@=\count185
LaTeX Info: Redefining \ldots on input line 486.
LaTeX Info: Redefining \dots on input line 489.
LaTeX Info: Redefining \cdots on input line 610.
\Mathstrutbox@=\box47
\strutbox@=\box48
\big@size=\dimen153
LaTeX Font Info:    Redeclaring font encoding OML on input line 733.
LaTeX Font Info:    Redeclaring font encoding OMS on input line 734.
\macc@depth=\count186
\c@MaxMatrixCols=\count187
\dotsspace@=\muskip16
\c@parentequation=\count188
\dspbrk@lvl=\count189
\tag@help=\toks21
\row@=\count190
\column@=\count191
\maxfields@=\count192
\andhelp@=\toks22
\eqnshift@=\dimen154
\alignsep@=\dimen155
\tagshift@=\dimen156
\tagwidth@=\dimen157
\totwidth@=\dimen158
\lineht@=\dimen159
\@envbody=\toks23
\multlinegap=\skip53
\multlinetaggap=\skip54
\mathdisplay@stack=\toks24
LaTeX Info: Redefining \[ on input line 2859.
LaTeX Info: Redefining \] on input line 2860.
) (/usr/local/texlive/2020/texmf-dist/tex/latex/amsfonts/amssymb.sty
Package: amssymb 2013/01/14 v3.01 AMS font symbols
 (/usr/local/texlive/2020/texmf-dist/tex/latex/amsfonts/amsfonts.sty
Package: amsfonts 2013/01/14 v3.01 Basic AMSFonts support
\symAMSa=\mathgroup4
\symAMSb=\mathgroup5
LaTeX Font Info:    Redeclaring math symbol \hbar on input line 98.
LaTeX Font Info:    Overwriting math alphabet `\mathfrak' in version `bold'
(Font)                  U/euf/m/n --> U/euf/b/n on input line 106.
)) (/usr/local/texlive/2020/texmf-dist/tex/latex/fancyvrb/fancyvrb.sty
Package: fancyvrb 2020/01/13 v3.5 verbatim text (tvz,hv)
\FV@CodeLineNo=\count193
\FV@InFile=\read2
\FV@TabBox=\box49
\c@FancyVerbLine=\count194
\FV@StepNumber=\count195
\FV@OutFile=\write3
) (/usr/local/texlive/2020/texmf-dist/tex/latex/float/float.sty
Package: float 2001/11/08 v1.3d Float enhancements (AL)
\c@float@type=\count196
\float@exts=\toks25
\float@box=\box50
\@float@everytoks=\toks26
\@floatcapt=\box51
) (/usr/local/texlive/2020/texmf-dist/tex/latex/hyperref/hyperref.sty
Package: hyperref 2020/01/14 v7.00d Hypertext links for LaTeX
 (/usr/local/texlive/2020/texmf-dist/tex/generic/ltxcmds/ltxcmds.sty
Package: ltxcmds 2019/12/15 v1.24 LaTeX kernel commands for general use (HO)
) (/usr/local/texlive/2020/texmf-dist/tex/latex/pdftexcmds/pdftexcmds.sty
Package: pdftexcmds 2019/11/24 v0.31 Utility functions of pdfTeX for LuaTeX (HO)
 (/usr/local/texlive/2020/texmf-dist/tex/generic/infwarerr/infwarerr.sty
Package: infwarerr 2019/12/03 v1.5 Providing info/warning/error messages (HO)
)
Package pdftexcmds Info: \pdf@primitive is available.
Package pdftexcmds Info: \pdf@ifprimitive is available.
Package pdftexcmds Info: \pdfdraftmode found.
) (/usr/local/texlive/2020/texmf-dist/tex/generic/kvsetkeys/kvsetkeys.sty
Package: kvsetkeys 2019/12/15 v1.18 Key value parser (HO)
) (/usr/local/texlive/2020/texmf-dist/tex/generic/kvdefinekeys/kvdefinekeys.sty
Package: kvdefinekeys 2019-12-19 v1.6 Define keys (HO)
) (/usr/local/texlive/2020/texmf-dist/tex/generic/pdfescape/pdfescape.sty
Package: pdfescape 2019/12/09 v1.15 Implements pdfTeX's escape features (HO)
) (/usr/local/texlive/2020/texmf-dist/tex/latex/hycolor/hycolor.sty
Package: hycolor 2020-01-27 v1.10 Color options for hyperref/bookmark (HO)
) (/usr/local/texlive/2020/texmf-dist/tex/latex/letltxmacro/letltxmacro.sty
Package: letltxmacro 2019/12/03 v1.6 Let assignment for LaTeX macros (HO)
) (/usr/local/texlive/2020/texmf-dist/tex/latex/auxhook/auxhook.sty
Package: auxhook 2019-12-17 v1.6 Hooks for auxiliary files (HO)
) (/usr/local/texlive/2020/texmf-dist/tex/latex/kvoptions/kvoptions.sty
Package: kvoptions 2019/11/29 v3.13 Key value format for package options (HO)
)
\@linkdim=\dimen160
\Hy@linkcounter=\count197
\Hy@pagecounter=\count198
 (/usr/local/texlive/2020/texmf-dist/tex/latex/hyperref/pd1enc.def
File: pd1enc.def 2020/01/14 v7.00d Hyperref: PDFDocEncoding definition (HO)
Now handling font encoding PD1 ...
... no UTF-8 mapping file for font encoding PD1
) (/usr/local/texlive/2020/texmf-dist/tex/generic/intcalc/intcalc.sty
Package: intcalc 2019/12/15 v1.3 Expandable calculations with integers (HO)
) (/usr/local/texlive/2020/texmf-dist/tex/generic/etexcmds/etexcmds.sty
Package: etexcmds 2019/12/15 v1.7 Avoid name clashes with e-TeX commands (HO)
)
\Hy@SavedSpaceFactor=\count199
Package hyperref Info: Hyper figures OFF on input line 4547.
Package hyperref Info: Link nesting OFF on input line 4552.
Package hyperref Info: Hyper index ON on input line 4555.
Package hyperref Info: Plain pages OFF on input line 4562.
Package hyperref Info: Backreferencing OFF on input line 4567.
Package hyperref Info: Implicit mode ON; LaTeX internals redefined.
Package hyperref Info: Bookmarks ON on input line 4800.
\c@Hy@tempcnt=\count266
 (/usr/local/texlive/2020/texmf-dist/tex/latex/url/url.sty
\Urlmuskip=\muskip17
Package: url 2013/09/16  ver 3.4  Verb mode for urls, etc.
)
LaTeX Info: Redefining \url on input line 5159.
\XeTeXLinkMargin=\dimen161
 (/usr/local/texlive/2020/texmf-dist/tex/generic/bitset/bitset.sty
Package: bitset 2019/12/09 v1.3 Handle bit-vector datatype (HO)
 (/usr/local/texlive/2020/texmf-dist/tex/generic/bigintcalc/bigintcalc.sty
Package: bigintcalc 2019/12/15 v1.5 Expandable calculations on big integers (HO)
))
\Fld@menulength=\count267
\Field@Width=\dimen162
\Fld@charsize=\dimen163
Package hyperref Info: Hyper figures OFF on input line 6430.
Package hyperref Info: Link nesting OFF on input line 6435.
Package hyperref Info: Hyper index ON on input line 6438.
Package hyperref Info: backreferencing OFF on input line 6445.
Package hyperref Info: Link coloring OFF on input line 6450.
Package hyperref Info: Link coloring with OCG OFF on input line 6455.
Package hyperref Info: PDF/A mode OFF on input line 6460.
LaTeX Info: Redefining \ref on input line 6500.
LaTeX Info: Redefining \pageref on input line 6504.
 (/usr/local/texlive/2020/texmf-dist/tex/generic/atbegshi/atbegshi.sty
Package: atbegshi 2019/12/05 v1.19 At begin shipout hook (HO)
)
\Hy@abspage=\count268
\c@Item=\count269
\c@Hfootnote=\count270
)
Package hyperref Info: Driver (autodetected): hpdftex.
 (/usr/local/texlive/2020/texmf-dist/tex/latex/hyperref/hpdftex.def
File: hpdftex.def 2020/01/14 v7.00d Hyperref driver for pdfTeX
 (/usr/local/texlive/2020/texmf-dist/tex/latex/atveryend/atveryend.sty
Package: atveryend 2019-12-11 v1.11 Hooks at the very end of document (HO)
Package atveryend Info: \enddocument detected (standard20110627).
)
\Fld@listcount=\count271
\c@bookmark@seq@number=\count272
 (/usr/local/texlive/2020/texmf-dist/tex/latex/rerunfilecheck/rerunfilecheck.sty
Package: rerunfilecheck 2019/12/05 v1.9 Rerun checks for auxiliary files (HO)
 (/usr/local/texlive/2020/texmf-dist/tex/generic/uniquecounter/uniquecounter.sty
Package: uniquecounter 2019/12/15 v1.4 Provide unlimited unique counter (HO)
)
Package uniquecounter Info: New unique counter `rerunfilecheck' on input line 286.
)
\Hy@SectionHShift=\skip55
) (/usr/local/texlive/2020/texmf-dist/tex/latex/tabulary/tabulary.sty
Package: tabulary 2014/06/11 v0.10 tabulary package (DPC)
 (/usr/local/texlive/2020/texmf-dist/tex/latex/tools/array.sty
Package: array 2019/08/31 v2.4l Tabular extension package (FMi)
\col@sep=\dimen164
\ar@mcellbox=\box52
\extrarowheight=\dimen165
\NC@list=\toks27
\extratabsurround=\skip56
\backup@length=\skip57
\ar@cellbox=\box53
)
\TY@count=\count273
\TY@linewidth=\dimen166
\tymin=\dimen167
\tymax=\dimen168
\TY@tablewidth=\dimen169
) (/usr/local/texlive/2020/texmf-dist/tex/latex/tools/multicol.sty
Package: multicol 2019/12/09 v1.8y multicolumn formatting (FMi)
\c@tracingmulticols=\count274
\mult@box=\box54
\multicol@leftmargin=\dimen170
\c@unbalance=\count275
\c@collectmore=\count276
\doublecol@number=\count277
\multicoltolerance=\count278
\multicolpretolerance=\count279
\full@width=\dimen171
\page@free=\dimen172
\premulticols=\dimen173
\postmulticols=\dimen174
\multicolsep=\skip58
\multicolbaselineskip=\skip59
\partial@page=\box55
\last@line=\box56
\maxbalancingoverflow=\dimen175
\mult@rightbox=\box57
\mult@grightbox=\box58
\mult@gfirstbox=\box59
\mult@firstbox=\box60
\@tempa=\box61
\@tempa=\box62
\@tempa=\box63
\@tempa=\box64
\@tempa=\box65
\@tempa=\box66
\@tempa=\box67
\@tempa=\box68
\@tempa=\box69
\@tempa=\box70
\@tempa=\box71
\@tempa=\box72
\@tempa=\box73
\@tempa=\box74
\@tempa=\box75
\@tempa=\box76
\@tempa=\box77
\@tempa=\box78
\@tempa=\box79
\@tempa=\box80
\@tempa=\box81
\@tempa=\box82
\@tempa=\box83
\@tempa=\box84
\@tempa=\box85
\@tempa=\box86
\@tempa=\box87
\@tempa=\box88
\@tempa=\box89
\@tempa=\box90
\@tempa=\box91
\@tempa=\box92
\@tempa=\box93
\@tempa=\box94
\@tempa=\box95
\@tempa=\box96
\@tempa=\box97
\c@minrows=\count280
\c@columnbadness=\count281
\c@finalcolumnbadness=\count282
\last@try=\dimen176
\multicolovershoot=\dimen177
\multicolundershoot=\dimen178
\mult@nat@firstbox=\box98
\colbreak@box=\box99
\mc@col@check@num=\count283
) (/usr/local/texlive/2020/texmf-dist/tex/latex/psnfss/times.sty
Package: times 2005/04/12 PSNFSS-v9.2a (SPQR) 
) (/usr/local/texlive/2020/texmf-dist/tex/latex/graphics/epsfig.sty
Package: epsfig 2017/06/25 v1.7b (e)psfig emulation (SPQR)
\epsfxsize=\dimen179
\epsfysize=\dimen180
) (/usr/local/texlive/2020/texmf-dist/tex/latex/caption/subcaption.sty
Package: subcaption 2020/01/22 v1.3d Sub-captions (AR)
 (/usr/local/texlive/2020/texmf-dist/tex/latex/caption/caption.sty
Package: caption 2020/01/03 v3.4h Customizing captions (AR)
 (/usr/local/texlive/2020/texmf-dist/tex/latex/caption/caption3.sty
Package: caption3 2020/01/03 v1.8h caption3 kernel (AR)
Package caption3 Info: TeX engine: e-TeX on input line 61.
\captionmargin=\dimen181
\captionmargin@=\dimen182
\captionwidth=\dimen183
\caption@tempdima=\dimen184
\caption@indent=\dimen185
\caption@parindent=\dimen186
\caption@hangindent=\dimen187
Package caption Info: Standard document class detected.
)
\c@caption@flags=\count284
\c@continuedfloat=\count285
Package caption Info: float package is loaded.
Package caption Info: hyperref package is loaded.
)
\c@subfigure=\count286
\c@subtable=\count287
) (/usr/local/texlive/2020/texmf-dist/tex/latex/placeins/placeins.sty
Package: placeins 2005/04/18  v 2.2
) (/usr/local/texlive/2020/texmf-dist/tex/latex/glossaries/base/glossaries.sty
Package: glossaries 2020/03/19 v4.46 (NLCT)
 (/usr/local/texlive/2020/texmf-dist/tex/latex/base/ifthen.sty
Package: ifthen 2014/09/29 v1.1c Standard LaTeX ifthen package (DPC)
) (/usr/local/texlive/2020/texmf-dist/tex/latex/xkeyval/xkeyval.sty
Package: xkeyval 2014/12/03 v2.7a package option processing (HA)
 (/usr/local/texlive/2020/texmf-dist/tex/generic/xkeyval/xkeyval.tex (/usr/local/texlive/2020/texmf-dist/tex/generic/xkeyval/xkvutils.tex
\XKV@toks=\toks28
\XKV@tempa@toks=\toks29
)
\XKV@depth=\count288
File: xkeyval.tex 2014/12/03 v2.7a key=value parser (HA)
)) (/usr/local/texlive/2020/texmf-dist/tex/latex/mfirstuc/mfirstuc.sty
Package: mfirstuc 2017/11/14 v2.06 (NLCT)
 (/usr/local/texlive/2020/texmf-dist/tex/latex/etoolbox/etoolbox.sty
Package: etoolbox 2019/09/21 v2.5h e-TeX tools for LaTeX (JAW)
\etb@tempcnta=\count289
)
\@glsmfirst=\toks30
\@glsmrest=\toks31
) (/usr/local/texlive/2020/texmf-dist/tex/latex/textcase/textcase.sty
Package: textcase 2019/09/14 v1.00 Text only upper/lower case changing (DPC)
) (/usr/local/texlive/2020/texmf-dist/tex/latex/xfor/xfor.sty
Package: xfor 2009/02/05 v1.05 (NLCT)
) (/usr/local/texlive/2020/texmf-dist/tex/latex/datatool/datatool-base.sty
Package: datatool-base 2019/09/27 v2.32 (NLCT)
 (/usr/local/texlive/2020/texmf-dist/tex/latex/substr/substr.sty
Package: substr 2009/10/20 v1.2 Handle substrings
\c@su@anzahl=\count290
) (/usr/local/texlive/2020/texmf-dist/tex/latex/datatool/datatool-fp.sty
Package: datatool-fp 2019/09/27 v2.32 (NLCT)
 (/usr/local/texlive/2020/texmf-dist/tex/latex/fp/fp.sty
Package: fp 1995/04/02
 `Fixed Point Package', Version 0.8, April 2, 1995 (C) Michael Mehlich (/usr/local/texlive/2020/texmf-dist/tex/latex/fp/defpattern.sty
Package: defpattern 1994/10/12
\actioncount=\count291
) (/usr/local/texlive/2020/texmf-dist/tex/latex/fp/fp-basic.sty
Package: fp-basic 1996/05/13
\FP@xs=\count292
\FP@xia=\count293
\FP@xib=\count294
\FP@xfa=\count295
\FP@xfb=\count296
\FP@rega=\count297
\FP@regb=\count298
\FP@regs=\count299
\FP@times=\count300
) (/usr/local/texlive/2020/texmf-dist/tex/latex/fp/fp-addons.sty
Package: fp-addons 1995/03/15
) (/usr/local/texlive/2020/texmf-dist/tex/latex/fp/fp-snap.sty
Package: fp-snap 1995/04/05
) (/usr/local/texlive/2020/texmf-dist/tex/latex/fp/fp-exp.sty
Package: fp-exp 1995/04/03
) (/usr/local/texlive/2020/texmf-dist/tex/latex/fp/fp-trigo.sty
Package: fp-trigo 1995/04/14
) (/usr/local/texlive/2020/texmf-dist/tex/latex/fp/fp-pas.sty
Package: fp-pas 1994/08/29
) (/usr/local/texlive/2020/texmf-dist/tex/latex/fp/fp-random.sty
Package: fp-random 1995/02/23
\FPseed=\count301
) (/usr/local/texlive/2020/texmf-dist/tex/latex/fp/fp-eqn.sty
Package: fp-eqn 1995/04/03
) (/usr/local/texlive/2020/texmf-dist/tex/latex/fp/fp-upn.sty
Package: fp-upn 1996/10/21
) (/usr/local/texlive/2020/texmf-dist/tex/latex/fp/fp-eval.sty
Package: fp-eval 1995/04/03
)))
\@dtl@toks=\toks32
\@dtl@tmpcount=\count302
\dtl@tmplength=\skip60
\dtl@sortresult=\count303
\@dtl@numgrpsepcount=\count304
\@dtl@datatype=\count305
\dtl@codeA=\count306
\dtl@codeB=\count307
\@dtl@foreach@level=\count308
) (/usr/local/texlive/2020/texmf-dist/tex/latex/glossaries/base/glossaries-compatible-307.sty
Package: glossaries-compatible-307 2020/03/19 v4.46 (NLCT)
)
\gls@level=\count309
\@gls@tmpb=\toks33
\gls@tmplen=\skip61
\glskeylisttok=\toks34
\glslabeltok=\toks35
\glsshorttok=\toks36
\glslongtok=\toks37
 (/usr/local/texlive/2020/texmf-dist/tex/latex/glossaries/styles/glossary-hypernav.sty
Package: glossary-hypernav 2020/03/19 v4.46 (NLCT)
) (/usr/local/texlive/2020/texmf-dist/tex/latex/glossaries/styles/glossary-list.sty
Package: glossary-list 2020/03/19 v4.46 (NLCT)
\glslistdottedwidth=\skip62
) (/usr/local/texlive/2020/texmf-dist/tex/latex/glossaries/styles/glossary-long.sty
Package: glossary-long 2020/03/19 v4.46 (NLCT)
 (/usr/local/texlive/2020/texmf-dist/tex/latex/tools/longtable.sty
Package: longtable 2020/01/07 v4.13 Multi-page Table package (DPC)
\LTleft=\skip63
\LTright=\skip64
\LTpre=\skip65
\LTpost=\skip66
\LTchunksize=\count310
\LTcapwidth=\dimen188
\LT@head=\box100
\LT@firsthead=\box101
\LT@foot=\box102
\LT@lastfoot=\box103
\LT@cols=\count311
\LT@rows=\count312
\c@LT@tables=\count313
\c@LT@chunks=\count314
\LT@p@ftn=\toks38
)
\glsdescwidth=\skip67
\glspagelistwidth=\skip68
) (/usr/local/texlive/2020/texmf-dist/tex/latex/glossaries/styles/glossary-super.sty
Package: glossary-super 2020/03/19 v4.46 (NLCT)
 (/usr/local/texlive/2020/texmf-dist/tex/latex/supertabular/supertabular.sty
Package: supertabular 2020/02/02 v4.1g the supertabular environment
\c@tracingst=\count315
\ST@wd=\dimen189
\ST@rightskip=\skip69
\ST@leftskip=\skip70
\ST@parfillskip=\skip71
\ST@pageleft=\dimen190
\ST@headht=\dimen191
\ST@tailht=\dimen192
\ST@pagesofar=\dimen193
\ST@pboxht=\dimen194
\ST@lineht=\dimen195
\ST@prevht=\dimen196
\ST@toadd=\dimen197
\ST@dimen=\dimen198
\ST@pbox=\box104
)) (/usr/local/texlive/2020/texmf-dist/tex/latex/glossaries/styles/glossary-tree.sty
Package: glossary-tree 2020/03/19 v4.46 (NLCT)
\glstreeindent=\skip72
)) (/home/pasan/kalani/tex/mid-report/defs.tex (/usr/local/texlive/2020/texmf-dist/tex/latex/tools/tabularx.sty
Package: tabularx 2020/01/15 v2.11c `tabularx' package (DPC)
\TX@col@width=\dimen199
\TX@old@table=\dimen256
\TX@old@col=\dimen257
\TX@target=\dimen258
\TX@delta=\dimen259
\TX@cols=\count316
\TX@ftn=\toks39
) (/usr/local/texlive/2020/texmf-dist/tex/latex/multirow/multirow.sty
Package: multirow 2019/05/31 v2.5 Span multiple rows of a table
\multirow@colwidth=\skip73
\multirow@cntb=\count317
\multirow@dima=\skip74
\bigstrutjot=\dimen260
) (/usr/local/texlive/2020/texmf-dist/tex/latex/algorithms/algorithm.sty
Package: algorithm 2009/08/24 v0.1 Document Style `algorithm' - floating environment
\@float@every@algorithm=\toks40
\c@algorithm=\count318
) (/usr/local/texlive/2020/texmf-dist/tex/latex/algorithmicx/algpseudocode.sty
Package: algpseudocode 
 (/usr/local/texlive/2020/texmf-dist/tex/latex/algorithmicx/algorithmicx.sty
Package: algorithmicx 2005/04/27 v1.2 Algorithmicx

Document Style algorithmicx 1.2 - a greatly improved `algorithmic' style
\c@ALG@line=\count319
\c@ALG@rem=\count320
\c@ALG@nested=\count321
\ALG@tlm=\skip75
\ALG@thistlm=\skip76
\c@ALG@Lnr=\count322
\c@ALG@blocknr=\count323
\c@ALG@storecount=\count324
\c@ALG@tmpcounter=\count325
\ALG@tmplength=\skip77
)
Document Style - pseudocode environments for use with the `algorithmicx' style
) (/usr/local/texlive/2020/texmf-dist/tex/latex/amscls/amsthm.sty
Package: amsthm 2017/10/31 v2.20.4
\thm@style=\toks41
\thm@bodyfont=\toks42
\thm@headfont=\toks43
\thm@notefont=\toks44
\thm@headpunct=\toks45
\thm@preskip=\skip78
\thm@postskip=\skip79
\thm@headsep=\skip80
\dth@everypar=\toks46
)
\c@thm=\count326
)
\glswrite=\write4
\glo@acronym@file=\write5
\openout5 = `thesis.acn'.

Package glossaries Info: Writing glossary file thesis.acn on input line 71.
 (/home/pasan/kalani/tex/mid-report/chapters/Acronyms.tex) (/usr/local/texlive/2020/texmf-dist/tex/latex/l3backend/l3backend-pdfmode.def
File: l3backend-pdfmode.def 2020-03-12 L3 backend support: PDF mode
\l__kernel_color_stack_int=\count327
\l__pdf_internal_box=\box105
) (/home/pasan/kalani/tex/mid-report/thesis.aux (/home/pasan/kalani/tex/mid-report/chapters/Title.aux) (/home/pasan/kalani/tex/mid-report/chapters/Signatures.aux) (/home/pasan/kalani/tex/mid-report/chapters/Declaration.aux) (/home/pasan/kalani/tex/mid-report/chapters/Declaration_Supervisor.aux) (/home/pasan/kalani/tex/mid-report/chapters/Abstract.aux) (/home/pasan/kalani/tex/mid-report/chapters/Dedication.aux) (/home/pasan/kalani/tex/mid-report/chapters/Acknowledgements.aux) (/home/pasan/kalani/tex/mid-report/chapters/Introduction.aux) (/home/pasan/kalani/tex/mid-report/chapters/Methodology.aux) (/home/pasan/kalani/tex/mid-report/chapters/Results.aux) (/home/pasan/kalani/tex/mid-report/chapters/Conclusion.aux) (/home/pasan/kalani/tex/mid-report/chapters/References.aux) (/home/pasan/kalani/tex/mid-report/chapters/Appendix.aux))
\openout1 = `thesis.aux'.

LaTeX Font Info:    Checking defaults for OML/cmm/m/it on input line 74.
LaTeX Font Info:    ... okay on input line 74.
LaTeX Font Info:    Checking defaults for OMS/cmsy/m/n on input line 74.
LaTeX Font Info:    ... okay on input line 74.
LaTeX Font Info:    Checking defaults for OT1/cmr/m/n on input line 74.
LaTeX Font Info:    ... okay on input line 74.
LaTeX Font Info:    Checking defaults for T1/cmr/m/n on input line 74.
LaTeX Font Info:    ... okay on input line 74.
LaTeX Font Info:    Checking defaults for TS1/cmr/m/n on input line 74.
LaTeX Font Info:    ... okay on input line 74.
LaTeX Font Info:    Checking defaults for OMX/cmex/m/n on input line 74.
LaTeX Font Info:    ... okay on input line 74.
LaTeX Font Info:    Checking defaults for U/cmr/m/n on input line 74.
LaTeX Font Info:    ... okay on input line 74.
LaTeX Font Info:    Checking defaults for PD1/pdf/m/n on input line 74.
LaTeX Font Info:    ... okay on input line 74.
LaTeX Font Info:    Trying to load font information for OT1+ptm on input line 74.
 (/usr/local/texlive/2020/texmf-dist/tex/latex/psnfss/ot1ptm.fd
File: ot1ptm.fd 2001/06/04 font definitions for OT1/ptm.
)
*geometry* driver: auto-detecting
*geometry* detected driver: pdftex
*geometry* verbose mode - [ preamble ] result:
* driver: pdftex
* paper: letterpaper
* layout: <same size as paper>
* layoutoffset:(h,v)=(0.0pt,0.0pt)
* modes: 
* h-part:(L,W,R)=(108.405pt, 433.62001pt, 72.26999pt)
* v-part:(T,H,B)=(72.26999pt, 650.43001pt, 72.26999pt)
* \paperwidth=614.295pt
* \paperheight=794.96999pt
* \textwidth=433.62001pt
* \textheight=650.43001pt
* \oddsidemargin=36.13501pt
* \evensidemargin=36.13501pt
* \topmargin=-37.0pt
* \headheight=12.0pt
* \headsep=25.0pt
* \topskip=12.0pt
* \footskip=30.0pt
* \marginparwidth=44.0pt
* \marginparsep=10.0pt
* \columnsep=10.0pt
* \skip\footins=14.22636pt
* \hoffset=0.0pt
* \voffset=0.0pt
* \mag=1000
* \@twocolumnfalse
* \@twosidefalse
* \@mparswitchfalse
* \@reversemarginfalse
* (1in=72.27pt=25.4mm, 1cm=28.453pt)

(/usr/local/texlive/2020/texmf-dist/tex/context/base/mkii/supp-pdf.mkii
[Loading MPS to PDF converter (version 2006.09.02).]
\scratchcounter=\count328
\scratchdimen=\dimen261
\scratchbox=\box106
\nofMPsegments=\count329
\nofMParguments=\count330
\everyMPshowfont=\toks47
\MPscratchCnt=\count331
\MPscratchDim=\dimen262
\MPnumerator=\count332
\makeMPintoPDFobject=\count333
\everyMPtoPDFconversion=\toks48
) (/usr/local/texlive/2020/texmf-dist/tex/latex/epstopdf-pkg/epstopdf-base.sty
Package: epstopdf-base 2020-01-24 v2.11 Base part for package epstopdf
Package epstopdf-base Info: Redefining graphics rule for `.eps' on input line 485.
 (/usr/local/texlive/2020/texmf-dist/tex/latex/latexconfig/epstopdf-sys.cfg
File: epstopdf-sys.cfg 2010/07/13 v1.3 Configuration of (r)epstopdf for TeX Live
))
\AtBeginShipoutBox=\box107
Package hyperref Info: Link coloring OFF on input line 74.
 (/usr/local/texlive/2020/texmf-dist/tex/latex/hyperref/nameref.sty
Package: nameref 2019/09/16 v2.46 Cross-referencing by name of section
 (/usr/local/texlive/2020/texmf-dist/tex/latex/refcount/refcount.sty
Package: refcount 2019/12/15 v3.6 Data extraction from label references (HO)
) (/usr/local/texlive/2020/texmf-dist/tex/generic/gettitlestring/gettitlestring.sty
Package: gettitlestring 2019/12/15 v1.6 Cleanup title references (HO)
)
\c@section@level=\count334
)
LaTeX Info: Redefining \ref on input line 74.
LaTeX Info: Redefining \pageref on input line 74.
LaTeX Info: Redefining \nameref on input line 74.
 (/home/pasan/kalani/tex/mid-report/thesis.out) (/home/pasan/kalani/tex/mid-report/thesis.out)
\@outlinefile=\write6
\openout6 = `thesis.out'.

Package caption Info: Begin \AtBeginDocument code.
Package caption Info: longtable package is loaded.
 (/usr/local/texlive/2020/texmf-dist/tex/latex/caption/ltcaption.sty
Package: ltcaption 2018/08/26 v1.4a longtable captions (AR)
)
Package caption Info: supertabular package is loaded.
Package caption Info: End \AtBeginDocument code.
 (/home/pasan/kalani/tex/mid-report/thesis.glsdefs)
\openout2 = `chapters/Title.aux'.

 (/home/pasan/kalani/tex/mid-report/chapters/Title.tex [1

\openout4 = `thesis.ist'.


{/usr/local/texlive/2020/texmf-var/fonts/map/pdftex/updmap/pdftex.map}])
\openout2 = `chapters/Signatures.aux'.

 (/home/pasan/kalani/tex/mid-report/chapters/Signatures.tex) [1


]
\openout2 = `chapters/Declaration.aux'.

 (/home/pasan/kalani/tex/mid-report/chapters/Declaration.tex
LaTeX Font Info:    Trying to load font information for TS1+ptm on input line 12.
 (/usr/local/texlive/2020/texmf-dist/tex/latex/psnfss/ts1ptm.fd
File: ts1ptm.fd 2001/06/04 font definitions for TS1/ptm.
)) [2



]
\openout2 = `chapters/Declaration_Supervisor.aux'.

 (/home/pasan/kalani/tex/mid-report/chapters/Declaration_Supervisor.tex) [3



]
\openout2 = `chapters/Abstract.aux'.

 (/home/pasan/kalani/tex/mid-report/chapters/Abstract.tex
Underfull \hbox (badness 10000) in paragraph at lines 14--15

 []

) [4



]
\openout2 = `chapters/Dedication.aux'.

 (/home/pasan/kalani/tex/mid-report/chapters/Dedication.tex) [5



]
\openout2 = `chapters/Acknowledgements.aux'.

 (/home/pasan/kalani/tex/mid-report/chapters/Acknowledgements.tex) [6



] (/home/pasan/kalani/tex/mid-report/thesis.toc
LaTeX Font Info:    Trying to load font information for U+msa on input line 11.
 (/usr/local/texlive/2020/texmf-dist/tex/latex/amsfonts/umsa.fd
File: umsa.fd 2013/01/14 v3.01 AMS symbols A
)
LaTeX Font Info:    Trying to load font information for U+msb on input line 11.
 (/usr/local/texlive/2020/texmf-dist/tex/latex/amsfonts/umsb.fd
File: umsb.fd 2013/01/14 v3.01 AMS symbols B
) [7


])
\tf@toc=\write7
\openout7 = `thesis.toc'.

 [8] (/home/pasan/kalani/tex/mid-report/thesis.lof
Overfull \hbox (18.11691pt too wide) in paragraph at lines 26--26
 \OT1/ptm/m/n/12 map us-ing [][]Ko-rean Ad-vanced In-sti-tute of Sci-ence and Tech-nol-ogy (KAIST)[]dataset[] []  
 []

)
\tf@lof=\write8
\openout8 = `thesis.lof'.

 [9

] (/home/pasan/kalani/tex/mid-report/thesis.lot)
\tf@lot=\write9
\openout9 = `thesis.lot'.

 [10

] (/home/pasan/kalani/tex/mid-report/thesis.acr [11


]) [12]
\openout2 = `chapters/Introduction.aux'.

 (/home/pasan/kalani/tex/mid-report/chapters/Introduction.tex
Chapter 1.
pdfTeX warning (ext4): destination with the same identifier (name{page.1}) has been already used, duplicate ignored
<to be read again> 
                   \relax 
l.14 W
      hile self-driving is itself a novel concept in the Sri Lankan context,... [1


] [2] [3]) [4]
\openout2 = `chapters/Methodology.aux'.

 (/home/pasan/kalani/tex/mid-report/chapters/Methodology.tex
Chapter 2.
<figs/system-block-diagram.png, id=552, 800.9925pt x 385.44pt>
File: figs/system-block-diagram.png Graphic file (type png)
<use figs/system-block-diagram.png>
Package pdftex.def Info: figs/system-block-diagram.png  used on input line 14.
(pdftex.def)             Requested size: 433.62001pt x 208.66382pt.
[5



 </home/pasan/kalani/tex/mid-report/figs/system-block-diagram.png>]
<figs/coordinate-frames.jpg, id=564, 284.56313pt x 251.43938pt>
File: figs/coordinate-frames.jpg Graphic file (type jpg)
<use figs/coordinate-frames.jpg>
Package pdftex.def Info: figs/coordinate-frames.jpg  used on input line 40.
(pdftex.def)             Requested size: 260.17465pt x 229.9113pt.

Underfull \hbox (badness 10000) in paragraph at lines 32--47

 []


Overfull \hbox (2.31766pt too wide) in paragraph at lines 32--47
[] 
 []


Underfull \hbox (badness 10000) in paragraph at lines 32--47

 []


Overfull \hbox (0.6268pt too wide) in paragraph at lines 61--61
[]|\OT1/ptm/b/n/12 Distance| 
 []


Underfull \hbox (badness 10000) in paragraph at lines 63--64
\OT1/ptm/m/n/12 txt(GPA-
 []


Underfull \hbox (badness 2790) in paragraph at lines 65--65
\OT1/ptm/m/n/12 for ve-hi-cle self-
 []


Underfull \hbox (badness 10000) in paragraph at lines 65--65
[]|$\OT1/cmr/m/n/12 190\OML/cmm/m/it/12 :\OT1/cmr/m/n/12 989$
 []


Underfull \hbox (badness 10000) in paragraph at lines 65--66
\OT1/ptm/m/n/12 csv(GPS-
 []


Underfull \hbox (badness 2790) in paragraph at lines 67--67
\OT1/ptm/m/n/12 for ve-hi-cle self-
 []


Underfull \hbox (badness 4479) in paragraph at lines 67--67
\OT1/ptm/m/n/12 localization with
 []


Underfull \hbox (badness 10000) in paragraph at lines 67--67
[]|$\OT1/cmr/m/n/12 147\OML/cmm/m/it/12 :\OT1/cmr/m/n/12 4$
 []


Underfull \hbox (badness 10000) in paragraph at lines 67--68
\OT1/ptm/m/n/12 csv(GPS-
 []


Underfull \hbox (badness 10000) in paragraph at lines 69--69
[]|\OT1/ptm/m/n/12 EU-
 []


Underfull \hbox (badness 10000) in paragraph at lines 69--69
\OT1/ptm/m/n/12 Long
 []


Underfull \hbox (badness 10000) in paragraph at lines 69--69
[]|\OT1/ptm/m/n/12 GPS-RTK/IMU
 []


Underfull \hbox (badness 2790) in paragraph at lines 69--69
\OT1/ptm/m/n/12 for ve-hi-cle self-
 []


Underfull \hbox (badness 4479) in paragraph at lines 69--70
[]|\OT1/ptm/m/n/12 rosbag (All-in-
 []

[6 </home/pasan/kalani/tex/mid-report/figs/coordinate-frames.jpg>]
Underfull \hbox (badness 10000) in paragraph at lines 94--94
[]|\OT1/ptm/b/n/12 Linear Kalman
 []


Underfull \hbox (badness 10000) in paragraph at lines 94--94
[]|\OT1/ptm/b/n/12 Error State Ex-
 []


Underfull \hbox (badness 10000) in paragraph at lines 94--94
\OT1/ptm/b/n/12 tended Kalman
 []


Underfull \hbox (badness 10000) in paragraph at lines 94--95
[]|\OT1/ptm/b/n/12 Unscented
 []


Underfull \hbox (badness 10000) in paragraph at lines 96--96
[]|\OT1/ptm/m/n/12 Linear Gaus-sian
 []


Underfull \hbox (badness 10000) in paragraph at lines 96--96
[]|\OT1/ptm/m/n/12 Non-linear Gaus-
 []


Underfull \hbox (badness 10000) in paragraph at lines 96--96
[]|\OT1/ptm/m/n/12 Non-linear Gaus-
 []


Underfull \hbox (badness 10000) in paragraph at lines 96--97
[]|\OT1/ptm/m/n/12 Non-linear Gaus-
 []


Underfull \hbox (badness 1442) in paragraph at lines 98--98
[]|\OT1/ptm/m/n/12 Linearize the non-
 []


Underfull \hbox (badness 1442) in paragraph at lines 98--99
[]|\OT1/ptm/m/n/12 Linearize the non-
 []


Underfull \hbox (badness 10000) in paragraph at lines 98--99
\OT1/ptm/m/n/12 lin-ear dy-nam-ics
 []


Underfull \hbox (badness 1902) in paragraph at lines 98--99
\OT1/ptm/m/n/12 of er-ror us-ing Ja-
 []


Underfull \hbox (badness 10000) in paragraph at lines 98--99
\OT1/ptm/m/n/12 cobeans (Tay-lor
 []


Underfull \hbox (badness 10000) in paragraph at lines 99--100
[]|\OT1/ptm/m/n/12 Calculate sigma
 []


Underfull \hbox (badness 7273) in paragraph at lines 99--100
\OT1/ptm/m/n/12 scented Trans-form
 []


Underfull \hbox (badness 10000) in paragraph at lines 99--100
\OT1/ptm/m/n/12 Func-tion (PDF)[]s
 []


Overfull \hbox (3.33669pt too wide) in paragraph at lines 90--104
 [][] 
 []

[7] [8]

Package hyperref Warning: Token not allowed in a PDF string (PDFDocEncoding):
(hyperref)                removing `\acrlong' on input line 161.

[9] [10] [11] [12]

Package hyperref Warning: Token not allowed in a PDF string (PDFDocEncoding):
(hyperref)                removing `\acrlong' on input line 251.

[13]

Package hyperref Warning: Token not allowed in a PDF string (PDFDocEncoding):
(hyperref)                removing `\gls' on input line 279.

<figs/ORB_SYSTEM.png, id=746, 699.36281pt x 305.64188pt>
File: figs/ORB_SYSTEM.png Graphic file (type png)
<use figs/ORB_SYSTEM.png>
Package pdftex.def Info: figs/ORB_SYSTEM.png  used on input line 283.
(pdftex.def)             Requested size: 433.62001pt x 189.50531pt.

Overfull \hbox (3.04285pt too wide) in paragraph at lines 294--295
[]\OT1/ptm/m/n/12 the Track-ing thread to lo-cal-ize the cam-era with ev-ery frame by find-ing fea-ture matches
 []

[14] [15 </home/pasan/kalani/tex/mid-report/figs/ORB_SYSTEM.png>]
Underfull \hbox (badness 10000) in paragraph at lines 328--328
[]|\OT1/ptm/m/n/12 Conventional [][]It-er-a-tive
 []


Underfull \hbox (badness 10000) in paragraph at lines 328--329
\OT1/ptm/m/n/12 on the cor-re-spon-dence
 []


Underfull \hbox (badness 1067) in paragraph at lines 333--333
[]|\OT1/ptm/m/n/12 IMU data makes es-ti-ma-
 []


Underfull \hbox (badness 1067) in paragraph at lines 335--335
[]|\OT1/ptm/m/n/12 IMU data makes es-ti-ma-
 []


Overfull \hbox (6.6353pt too wide) in paragraph at lines 324--338
 [][] 
 []


Package hyperref Warning: Token not allowed in a PDF string (PDFDocEncoding):
(hyperref)                removing `\gls' on input line 344.

[16]
<figs/loam_architect.png, id=821, 3062.44125pt x 1777.64125pt>
File: figs/loam_architect.png Graphic file (type png)
<use figs/loam_architect.png>
Package pdftex.def Info: figs/loam_architect.png  used on input line 355.
(pdftex.def)             Requested size: 433.62001pt x 251.68903pt.
 [17 </home/pasan/kalani/tex/mid-report/figs/loam_architect.png>]

Package hyperref Warning: Token not allowed in a PDF string (PDFDocEncoding):
(hyperref)                removing `\acrlong' on input line 381.

<figs/rosgraph.png, id=843, 2328.44907pt x 1301.61281pt>
File: figs/rosgraph.png Graphic file (type png)
<use figs/rosgraph.png>
Package pdftex.def Info: figs/rosgraph.png  used on input line 395.
(pdftex.def)             Requested size: 433.62001pt x 242.38347pt.

LaTeX Warning: `h' float specifier changed to `ht'.

[18]) [19 </home/pasan/kalani/tex/mid-report/figs/rosgraph.png>]
\openout2 = `chapters/Results.aux'.

 (/home/pasan/kalani/tex/mid-report/chapters/Results.tex
Chapter 3.
<figs/x_direction.png, id=888, 631.35875pt x 630.355pt>
File: figs/x_direction.png Graphic file (type png)
<use figs/x_direction.png>
Package pdftex.def Info: figs/x_direction.png  used on input line 40.
(pdftex.def)             Requested size: 303.53267pt x 303.04788pt.

LaTeX Warning: `h' float specifier changed to `ht'.

<figs/y_direction.png, id=889, 631.35875pt x 630.355pt>
File: figs/y_direction.png Graphic file (type png)
<use figs/y_direction.png>
Package pdftex.def Info: figs/y_direction.png  used on input line 46.
(pdftex.def)             Requested size: 303.53267pt x 303.04788pt.

LaTeX Warning: `h' float specifier changed to `ht'.

<figs/z_direction.png, id=890, 631.35875pt x 630.355pt>
File: figs/z_direction.png Graphic file (type png)
<use figs/z_direction.png>
Package pdftex.def Info: figs/z_direction.png  used on input line 52.
(pdftex.def)             Requested size: 303.53267pt x 303.04788pt.

LaTeX Warning: `h' float specifier changed to `ht'.

<figs/overall.png, id=891, 641.39626pt x 630.355pt>
File: figs/overall.png Graphic file (type png)
<use figs/overall.png>
Package pdftex.def Info: figs/overall.png  used on input line 59.
(pdftex.def)             Requested size: 216.81pt x 213.07709pt.
<figs/overall_diverge.png, id=894, 634.37pt x 630.355pt>
File: figs/overall_diverge.png Graphic file (type png)
<use figs/overall_diverge.png>
Package pdftex.def Info: figs/overall_diverge.png  used on input line 63.
(pdftex.def)             Requested size: 216.81pt x 215.4336pt.

LaTeX Warning: `h' float specifier changed to `ht'.

[20



]
<figs/roll.png, id=911, 625.33624pt x 630.355pt>
File: figs/roll.png Graphic file (type png)
<use figs/roll.png>
Package pdftex.def Info: figs/roll.png  used on input line 97.
(pdftex.def)             Requested size: 303.53267pt x 305.97188pt.


LaTeX Warning: `h' float specifier changed to `ht'.

<figs/pitch.png, id=912, 625.33624pt x 630.355pt>
File: figs/pitch.png Graphic file (type png)
<use figs/pitch.png>
Package pdftex.def Info: figs/pitch.png  used on input line 104.
(pdftex.def)             Requested size: 303.53267pt x 305.97188pt.

LaTeX Warning: `h' float specifier changed to `ht'.

<figs/yaw.png, id=913, 631.35875pt x 630.355pt>
File: figs/yaw.png Graphic file (type png)
<use figs/yaw.png>
Package pdftex.def Info: figs/yaw.png  used on input line 111.
(pdftex.def)             Requested size: 303.53267pt x 303.04788pt.

LaTeX Warning: `h' float specifier changed to `ht'.

[21 </home/pasan/kalani/tex/mid-report/figs/x_direction.png>] [22 </home/pasan/kalani/tex/mid-report/figs/y_direction.png> </home/pasan/kalani/tex/mid-report/figs/z_direction.png>] [23 </home/pasan/kalani/tex/mid-report/figs/overall.png> </home/pasan/kalani/tex/mid-report/figs/overall_diverge.png> </home/pasan/kalani/tex/mid-report/figs/roll.png>] [24 </home/pasan/kalani/tex/mid-report/figs/pitch.png> </home/pasan/kalani/tex/mid-report/figs/yaw.png>]
<figs/euclidean-error-wo-rm.png, id=944, 959.585pt x 475.7775pt>
File: figs/euclidean-error-wo-rm.png Graphic file (type png)
<use figs/euclidean-error-wo-rm.png>
Package pdftex.def Info: figs/euclidean-error-wo-rm.png  used on input line 129.
(pdftex.def)             Requested size: 433.62001pt x 214.9981pt.
<figs/euclidean-error-with-rm.png, id=945, 962.59625pt x 475.7775pt>
File: figs/euclidean-error-with-rm.png Graphic file (type png)
<use figs/euclidean-error-with-rm.png>
Package pdftex.def Info: figs/euclidean-error-with-rm.png  used on input line 133.
(pdftex.def)             Requested size: 433.62001pt x 214.32294pt.
<figs/yaw-without-zupt.png, id=953, 974.64125pt x 382.42876pt>
File: figs/yaw-without-zupt.png Graphic file (type png)
<use figs/yaw-without-zupt.png>
Package pdftex.def Info: figs/yaw-without-zupt.png  used on input line 144.
(pdftex.def)             Requested size: 433.62001pt x 170.14232pt.
<figs/yaw-with-zupt.png, id=956, 965.6075pt x 383.4325pt>
File: figs/yaw-with-zupt.png Graphic file (type png)
<use figs/yaw-with-zupt.png>
Package pdftex.def Info: figs/yaw-with-zupt.png  used on input line 148.
(pdftex.def)             Requested size: 433.62001pt x 172.18613pt.
 [25

 </home/pasan/kalani/tex/mid-report/figs/euclidean-error-wo-rm.png> </home/pasan/kalani/tex/mid-report/figs/euclidean-error-with-rm.png>]
<figs/detected_features.png, id=975, 925.95938pt x 301.8778pt>
File: figs/detected_features.png Graphic file (type png)
<use figs/detected_features.png>
Package pdftex.def Info: figs/detected_features.png  used on input line 171.
(pdftex.def)             Requested size: 433.62001pt x 141.36667pt.
<figs/path_pred.png, id=980, 639.13782pt x 556.32843pt>
File: figs/path_pred.png Graphic file (type png)
<use figs/path_pred.png>
Package pdftex.def Info: figs/path_pred.png  used on input line 179.
(pdftex.def)             Requested size: 433.62001pt x 377.44095pt.
 [26 </home/pasan/kalani/tex/mid-report/figs/yaw-without-zupt.png> </home/pasan/kalani/tex/mid-report/figs/yaw-with-zupt.png>]

LaTeX Warning: `h' float specifier changed to `ht'.

<figs/xyz_error.png, id=991, 1172.2194pt x 604.1772pt>
File: figs/xyz_error.png Graphic file (type png)
<use figs/xyz_error.png>
Package pdftex.def Info: figs/xyz_error.png  used on input line 189.
(pdftex.def)             Requested size: 433.62001pt x 223.49596pt.
<figs/rpy_error.png, id=996, 1183.0599pt x 604.1772pt>
File: figs/rpy_error.png Graphic file (type png)
<use figs/rpy_error.png>
Package pdftex.def Info: figs/rpy_error.png  used on input line 197.
(pdftex.def)             Requested size: 433.62001pt x 221.44934pt.

LaTeX Warning: `h' float specifier changed to `ht'.


LaTeX Warning: `h' float specifier changed to `ht'.

<figs/xyz_error_allred.png, id=1004, 1192.455pt x 591.20876pt>
File: figs/xyz_error_allred.png Graphic file (type png)
<use figs/xyz_error_allred.png>
Package pdftex.def Info: figs/xyz_error_allred.png  used on input line 207.
(pdftex.def)             Requested size: 433.62001pt x 214.98201pt.
<figs/rpy_error_allred.png, id=1007, 1179.40625pt x 591.20876pt>
File: figs/rpy_error_allred.png Graphic file (type png)
<use figs/rpy_error_allred.png>
Package pdftex.def Info: figs/rpy_error_allred.png  used on input line 215.
(pdftex.def)             Requested size: 433.62001pt x 217.36359pt.

LaTeX Warning: `h' float specifier changed to `ht'.


LaTeX Warning: `h' float specifier changed to `ht'.

<figs/matched_points.png, id=1013, 625.58719pt x 313.9228pt>
File: figs/matched_points.png Graphic file (type png)
<use figs/matched_points.png>
Package pdftex.def Info: figs/matched_points.png  used on input line 225.
(pdftex.def)             Requested size: 433.62001pt x 217.5985pt.

LaTeX Warning: `h' float specifier changed to `ht'.

<figs/rms_error.png, id=1018, 846.91406pt x 456.20438pt>
File: figs/rms_error.png Graphic file (type png)
<use figs/rms_error.png>
Package pdftex.def Info: figs/rms_error.png  used on input line 235.
(pdftex.def)             Requested size: 433.62001pt x 233.57304pt.

LaTeX Warning: `h' float specifier changed to `ht'.

[27 </home/pasan/kalani/tex/mid-report/figs/detected_features.png>] [28 </home/pasan/kalani/tex/mid-report/figs/path_pred.png>] [29 </home/pasan/kalani/tex/mid-report/figs/xyz_error.png> </home/pasan/kalani/tex/mid-report/figs/rpy_error.png>] [30 </home/pasan/kalani/tex/mid-report/figs/xyz_error_allred.png> </home/pasan/kalani/tex/mid-report/figs/rpy_error_allred.png>] [31 </home/pasan/kalani/tex/mid-report/figs/matched_points.png> </home/pasan/kalani/tex/mid-report/figs/rms_error.png>]
<figs/rviz_lidar.png, id=1056, 1394.96156pt x 765.6103pt>
File: figs/rviz_lidar.png Graphic file (type png)
<use figs/rviz_lidar.png>
Package pdftex.def Info: figs/rviz_lidar.png  used on input line 261.
(pdftex.def)             Requested size: 433.62001pt x 237.99094pt.
<figs/lidar_xyz_error.png, id=1068, 1176.5556pt x 604.1772pt>
File: figs/lidar_xyz_error.png Graphic file (type png)
<use figs/lidar_xyz_error.png>
Package pdftex.def Info: figs/lidar_xyz_error.png  used on input line 272.
(pdftex.def)             Requested size: 433.62001pt x 222.66626pt.


LaTeX Warning: `h' float specifier changed to `ht'.

<figs/lidar_rpy_error.png, id=1071, 1183.0599pt x 604.8999pt>
File: figs/lidar_rpy_error.png Graphic file (type png)
<use figs/lidar_rpy_error.png>
Package pdftex.def Info: figs/lidar_rpy_error.png  used on input line 281.
(pdftex.def)             Requested size: 433.62001pt x 221.71425pt.

LaTeX Warning: `h' float specifier changed to `ht'.

) [32

 </home/pasan/kalani/tex/mid-report/figs/rviz_lidar.png (PNG copy)>] [33 </home/pasan/kalani/tex/mid-report/figs/lidar_xyz_error.png> </home/pasan/kalani/tex/mid-report/figs/lidar_rpy_error.png>]
\openout2 = `chapters/Conclusion.aux'.

 (/home/pasan/kalani/tex/mid-report/chapters/Conclusion.tex
Chapter 4.
) [34



]
\openout2 = `chapters/References.aux'.

 (/home/pasan/kalani/tex/mid-report/chapters/References.tex (/home/pasan/kalani/tex/mid-report/thesis.bbl [35



] [36] [37])) [38]
\openout2 = `chapters/Appendix.aux'.

 (/home/pasan/kalani/tex/mid-report/chapters/Appendix.tex) [39



]
Package atveryend Info: Empty hook `BeforeClearDocument' on input line 125.
Package atveryend Info: Empty hook `AfterLastShipout' on input line 125.
 (/home/pasan/kalani/tex/mid-report/thesis.aux (/home/pasan/kalani/tex/mid-report/chapters/Title.aux) (/home/pasan/kalani/tex/mid-report/chapters/Signatures.aux) (/home/pasan/kalani/tex/mid-report/chapters/Declaration.aux) (/home/pasan/kalani/tex/mid-report/chapters/Declaration_Supervisor.aux) (/home/pasan/kalani/tex/mid-report/chapters/Abstract.aux) (/home/pasan/kalani/tex/mid-report/chapters/Dedication.aux) (/home/pasan/kalani/tex/mid-report/chapters/Acknowledgements.aux) (/home/pasan/kalani/tex/mid-report/chapters/Introduction.aux) (/home/pasan/kalani/tex/mid-report/chapters/Methodology.aux) (/home/pasan/kalani/tex/mid-report/chapters/Results.aux) (/home/pasan/kalani/tex/mid-report/chapters/Conclusion.aux) (/home/pasan/kalani/tex/mid-report/chapters/References.aux) (/home/pasan/kalani/tex/mid-report/chapters/Appendix.aux))
Package atveryend Info: Executing hook `AtVeryEndDocument' on input line 125.
Package atveryend Info: Executing hook `AtEndAfterFileList' on input line 125.
Package rerunfilecheck Info: File `thesis.out' has not changed.
(rerunfilecheck)             Checksum: 4B85789C06FFACE387C21CC124B84BDC;2774.
Package atveryend Info: Empty hook `AtVeryVeryEnd' on input line 125.
 ) 
Here is how much of TeX's memory you used:
 15910 strings out of 480608
 247972 string characters out of 5903614
 588874 words of memory out of 5000000
 31094 multiletter control sequences out of 15000+600000
 557798 words of font info for 78 fonts, out of 8000000 for 9000
 1141 hyphenation exceptions out of 8191
 51i,18n,81p,2834b,665s stack positions out of 5000i,500n,10000p,200000b,80000s
pdfTeX warning (dest): name{glo:LM} has been referenced but does not exist, replaced by a fixed one

pdfTeX warning (dest): name{glo:LOAM} has been referenced but does not exist, replaced by a fixed one

pdfTeX warning (dest): name{glo:NDT} has been referenced but does not exist, replaced by a fixed one

pdfTeX warning (dest): name{glo:ICP} has been referenced but does not exist, replaced by a fixed one

pdfTeX warning (dest): name{glo:LeGO-LOAM} has been referenced but does not exist, replaced by a fixed one

{/usr/local/texlive/2020/texmf-dist/fonts/enc/dvips/base/8r.enc}</usr/local/texlive/2020/texmf-dist/fonts/type1/public/amsfonts/cm/cmex10.pfb></usr/local/texlive/2020/texmf-dist/fonts/type1/public/amsfonts/cm/cmmi12.pfb></usr/local/texlive/2020/texmf-dist/fonts/type1/public/amsfonts/cm/cmmi6.pfb></usr/local/texlive/2020/texmf-dist/fonts/type1/public/amsfonts/cm/cmmi8.pfb></usr/local/texlive/2020/texmf-dist/fonts/type1/public/amsfonts/cm/cmmib10.pfb></usr/local/texlive/2020/texmf-dist/fonts/type1/public/amsfonts/cmextra/cmmib8.pfb></usr/local/texlive/2020/texmf-dist/fonts/type1/public/amsfonts/cm/cmr12.pfb></usr/local/texlive/2020/texmf-dist/fonts/type1/public/amsfonts/cm/cmr6.pfb></usr/local/texlive/2020/texmf-dist/fonts/type1/public/amsfonts/cm/cmr8.pfb></usr/local/texlive/2020/texmf-dist/fonts/type1/public/amsfonts/cm/cmsy10.pfb></usr/local/texlive/2020/texmf-dist/fonts/type1/public/amsfonts/cm/cmsy6.pfb></usr/local/texlive/2020/texmf-dist/fonts/type1/public/amsfonts/cm/cmsy8.pfb></usr/local/texlive/2020/texmf-dist/fonts/type1/urw/times/utmb8a.pfb></usr/local/texlive/2020/texmf-dist/fonts/type1/urw/times/utmr8a.pfb></usr/local/texlive/2020/texmf-dist/fonts/type1/urw/times/utmri8a.pfb>
Output written on /home/pasan/kalani/tex/mid-report/thesis.pdf (52 pages, 4409356 bytes).
PDF statistics:
 1223 PDF objects out of 1440 (max. 8388607)
 1056 compressed objects within 11 object streams
 240 named destinations out of 1000 (max. 500000)
 493 words of extra memory for PDF output out of 10000 (max. 10000000)

