\BOOKMARK [0][-]{chapter*.1}{Declaration}{}% 1
\BOOKMARK [0][-]{chapter*.2}{Declaration by Supervisor}{}% 2
\BOOKMARK [0][-]{chapter*.3}{Abstract}{}% 3
\BOOKMARK [0][-]{chapter*.4}{Dedication}{}% 4
\BOOKMARK [0][-]{chapter*.5}{Acknowledgements}{}% 5
\BOOKMARK [0][-]{chapter*.6}{Contents}{}% 6
\BOOKMARK [0][-]{chapter*.6}{List of Figures}{}% 7
\BOOKMARK [0][-]{chapter*.7}{List of Tables}{}% 8
\BOOKMARK [0][-]{chapter.1}{Introduction}{}% 9
\BOOKMARK [1][-]{section.1.1}{Problem definition and scope}{chapter.1}% 10
\BOOKMARK [1][-]{section.1.2}{Related work}{chapter.1}% 11
\BOOKMARK [1][-]{section.1.3}{Method of investigation and results}{chapter.1}% 12
\BOOKMARK [0][-]{chapter.2}{Methodology}{}% 13
\BOOKMARK [1][-]{section.2.1}{System architecture}{chapter.2}% 14
\BOOKMARK [1][-]{section.2.2}{Coordinate frames}{chapter.2}% 15
\BOOKMARK [1][-]{section.2.3}{Datasets}{chapter.2}% 16
\BOOKMARK [1][-]{section.2.4}{Comparison of Bayesian filters}{chapter.2}% 17
\BOOKMARK [1][-]{section.2.5}{Sensor fusion mechanism}{chapter.2}% 18
\BOOKMARK [2][-]{subsection.2.5.1}{The ES-EKF}{section.2.5}% 19
\BOOKMARK [2][-]{subsection.2.5.2}{Stochastic cloning and backward smoothing}{section.2.5}% 20
\BOOKMARK [2][-]{subsection.2.5.3}{State buffer}{section.2.5}% 21
\BOOKMARK [2][-]{subsection.2.5.4}{Time synchronization}{section.2.5}% 22
\BOOKMARK [2][-]{subsection.2.5.5}{ZUPT measurements}{section.2.5}% 23
\BOOKMARK [1][-]{section.2.6}{Implementation on ROS}{chapter.2}% 24
\BOOKMARK [2][-]{subsection.2.6.1}{Data Feeder}{section.2.6}% 25
\BOOKMARK [2][-]{subsection.2.6.2}{Locator}{section.2.6}% 26
\BOOKMARK [2][-]{subsection.2.6.3}{Evaluator}{section.2.6}% 27
\BOOKMARK [0][-]{chapter.3}{Results}{}% 28
\BOOKMARK [1][-]{section.3.1}{Comparison of Bayesian filters}{chapter.3}% 29
\BOOKMARK [2][-]{subsection.3.1.1}{Translational performance}{section.3.1}% 30
\BOOKMARK [2][-]{subsection.3.1.2}{Orientation}{section.3.1}% 31
\BOOKMARK [1][-]{section.3.2}{Sensor fusion mechanism}{chapter.3}% 32
\BOOKMARK [0][-]{chapter.4}{Discussion and Conclusion}{}% 33
\BOOKMARK [0][-]{chapter.4}{References}{}% 34
\BOOKMARK [0][-]{chapter*.26}{Appendix I}{}% 35
